Performing C SOURCE FILE Test CMAKE_HAVE_LIBC_PTHREAD failed with the following output:
Change Dir: /home/xian/atc22-artifact/SOTER/vgg-partition/cpp/soter-graphene-vgg/cmake/build/CMakeFiles/CMakeTmp

Run Build Command(s):/usr/bin/make -f Makefile cmTC_23260/fast && /usr/bin/make  -f CMakeFiles/cmTC_23260.dir/build.make CMakeFiles/cmTC_23260.dir/build
make[1]: Entering directory '/home/xian/atc22-artifact/SOTER/vgg-partition/cpp/soter-graphene-vgg/cmake/build/CMakeFiles/CMakeTmp'
Building C object CMakeFiles/cmTC_23260.dir/src.c.o
/usr/bin/cc -DCMAKE_HAVE_LIBC_PTHREAD   -o CMakeFiles/cmTC_23260.dir/src.c.o -c /home/xian/atc22-artifact/SOTER/vgg-partition/cpp/soter-graphene-vgg/cmake/build/CMakeFiles/CMakeTmp/src.c
Linking C executable cmTC_23260
/snap/cmake/1082/bin/cmake -E cmake_link_script CMakeFiles/cmTC_23260.dir/link.txt --verbose=1
/usr/bin/cc CMakeFiles/cmTC_23260.dir/src.c.o -o cmTC_23260 
CMakeFiles/cmTC_23260.dir/src.c.o: In function `main':
src.c:(.text+0x3c): undefined reference to `pthread_create'
src.c:(.text+0x48): undefined reference to `pthread_detach'
src.c:(.text+0x54): undefined reference to `pthread_cancel'
src.c:(.text+0x65): undefined reference to `pthread_join'
src.c:(.text+0x79): undefined reference to `pthread_atfork'
collect2: error: ld returned 1 exit status
CMakeFiles/cmTC_23260.dir/build.make:98: recipe for target 'cmTC_23260' failed
make[1]: *** [cmTC_23260] Error 1
make[1]: Leaving directory '/home/xian/atc22-artifact/SOTER/vgg-partition/cpp/soter-graphene-vgg/cmake/build/CMakeFiles/CMakeTmp'
Makefile:127: recipe for target 'cmTC_23260/fast' failed
make: *** [cmTC_23260/fast] Error 2


Source file was:
#include <pthread.h>

static void* test_func(void* data)
{
  return data;
}

int main(void)
{
  pthread_t thread;
  pthread_create(&thread, NULL, test_func, NULL);
  pthread_detach(thread);
  pthread_cancel(thread);
  pthread_join(thread, NULL);
  pthread_atfork(NULL, NULL, NULL);
  pthread_exit(NULL);

  return 0;
}

Determining if the function pthread_create exists in the pthreads failed with the following output:
Change Dir: /home/xian/atc22-artifact/SOTER/vgg-partition/cpp/soter-graphene-vgg/cmake/build/CMakeFiles/CMakeTmp

Run Build Command(s):/usr/bin/make -f Makefile cmTC_9a34f/fast && /usr/bin/make  -f CMakeFiles/cmTC_9a34f.dir/build.make CMakeFiles/cmTC_9a34f.dir/build
make[1]: Entering directory '/home/xian/atc22-artifact/SOTER/vgg-partition/cpp/soter-graphene-vgg/cmake/build/CMakeFiles/CMakeTmp'
Building C object CMakeFiles/cmTC_9a34f.dir/CheckFunctionExists.c.o
/usr/bin/cc   -DCHECK_FUNCTION_EXISTS=pthread_create -o CMakeFiles/cmTC_9a34f.dir/CheckFunctionExists.c.o -c /snap/cmake/1082/share/cmake-3.23/Modules/CheckFunctionExists.c
Linking C executable cmTC_9a34f
/snap/cmake/1082/bin/cmake -E cmake_link_script CMakeFiles/cmTC_9a34f.dir/link.txt --verbose=1
/usr/bin/cc  -DCHECK_FUNCTION_EXISTS=pthread_create CMakeFiles/cmTC_9a34f.dir/CheckFunctionExists.c.o -o cmTC_9a34f  -lpthreads 
/usr/bin/ld: cannot find -lpthreads
collect2: error: ld returned 1 exit status
CMakeFiles/cmTC_9a34f.dir/build.make:98: recipe for target 'cmTC_9a34f' failed
make[1]: *** [cmTC_9a34f] Error 1
make[1]: Leaving directory '/home/xian/atc22-artifact/SOTER/vgg-partition/cpp/soter-graphene-vgg/cmake/build/CMakeFiles/CMakeTmp'
Makefile:127: recipe for target 'cmTC_9a34f/fast' failed
make: *** [cmTC_9a34f/fast] Error 2



