[Preprocessing phase] GPU is listening on 0.0.0.0:50051
debug i = 0
debug 1 
debug 2 
debug 3 
debug 4 
debug 5 
debug 6 
debug 7 
debug 8 
debug 9 
debug 10 
debug 11 
debug i = 1
debug 1 
debug 2 
debug 3 
debug 4 
debug 5 
debug 6 
debug 7 
debug 8 
debug 9 
debug 10 
debug 11 
debug i = 2
debug 1 
debug 2 
debug 3 
debug 4 
debug 5 
debug 6 
debug 7 
debug 8 
debug 9 
debug 10 
debug 11 
debug i = 3
debug 1 
debug 2 
debug 3 
debug 4 
debug 5 
debug 6 
debug 7 
debug 8 
debug 9 
debug 10 
debug 11 
debug i = 4
debug 1 
debug 2 
debug 3 
debug 4 
debug 5 
debug 6 
debug 7 
debug 8 
debug 9 
debug 10 
debug 11 
debug i = 5
debug 1 
debug 2 
debug 3 
debug 4 
debug 5 
debug 6 
debug 7 
debug 8 
debug 9 
debug 10 
debug 11 
debug i = 6
debug 1 
debug 2 
debug 3 
debug 4 
debug 5 
debug 6 
debug 7 
debug 8 
debug 9 
debug 10 
debug 11 
debug i = 7
debug 1 
debug 2 
debug 3 
debug 4 
debug 5 
debug 6 
debug 7 
debug 8 
debug 9 
debug 10 
debug 11 
debug i = 8
debug 1 
debug 2 
debug 3 
debug 4 
debug 5 
debug 6 
debug 7 
debug 8 
debug 9 
debug 10 
debug 11 
debug i = 9
debug 1 
debug 2 
debug 3 
debug 4 
debug 5 
debug 6 
debug 7 
debug 8 
debug 9 
debug 10 
debug 11 
debug i = 10
debug 1 
debug 2 
debug 3 
debug 4 
debug 5 
debug 6 
debug 7 
debug 8 
debug 9 
debug 10 
debug 11 
debug i = 11
debug 1 
debug 2 
debug 3 
debug 4 
debug 5 
debug 6 
debug 7 
debug 8 
debug 9 
debug 10 
debug 11 
debug i = 12
debug 1 
debug 2 
debug 3 
debug 4 
debug 5 
debug 6 
debug 7 
debug 8 
debug 9 
debug 10 
debug 11 
debug i = 13
debug 1 
debug 2 
debug 3 
debug 4 
debug 5 
debug 6 
debug 7 
debug 8 
debug 9 
debug 10 
debug 11 
debug i = 14
debug 1 
debug 2 
debug 3 
debug 4 
debug 5 
debug 6 
debug 7 
debug 8 
debug 9 
debug 10 
debug 11 
debug i = 15
debug 1 
debug 2 
debug 3 
debug 4 
debug 5 
debug 6 
debug 7 
debug 8 
debug 9 
debug 10 
debug 11 
debug i = 16
debug 1 
debug 2 
debug 3 
debug 4 
debug 5 
debug 6 
debug 7 
debug 8 
debug 9 
debug 10 
debug 11 
debug i = 17
debug 1 
debug 2 
debug 3 
debug 4 
debug 5 
debug 6 
debug 7 
debug 8 
debug 9 
debug 10 
debug 11 
debug i = 18
debug 1 
debug 2 
debug 3 
debug 4 
debug 5 
debug 6 
debug 7 
debug 8 
debug 9 
debug 10 
debug 11 
debug i = 19
debug 1 
debug 2 
debug 3 
debug 4 
debug 5 
debug 6 
debug 7 
debug 8 
debug 9 
debug 10 
debug 11 
debug i = 20
debug 1 
debug 2 
debug 3 
debug 4 
debug 5 
debug 6 
debug 7 
debug 8 
debug 9 
debug 10 
debug 11 
debug i = 21
debug 1 
debug 2 
debug 3 
debug 4 
debug 5 
debug 6 
debug 7 
debug 8 
debug 9 
debug 10 
debug 11 
debug i = 22
debug 1 
debug 2 
debug 3 
debug 4 
debug 5 
debug 6 
debug 7 
debug 8 
debug 9 
debug 10 
debug 11 
debug i = 23
debug 1 
debug 2 
debug 3 
debug 4 
debug 5 
debug 6 
debug 7 
debug 8 
debug 9 
debug 10 
debug 11 
debug i = 24
debug 1 
debug 2 
debug 3 
debug 4 
debug 5 
debug 6 
debug 7 
debug 8 
debug 9 
debug 10 
debug 11 
debug i = 25
debug 1 
debug 2 
debug 3 
debug 4 
debug 5 
debug 6 
debug 7 
debug 8 
debug 9 
debug 10 
debug 11 
debug i = 26
debug 1 
debug 2 
debug 3 
debug 4 
debug 5 
debug 6 
debug 7 
debug 8 
debug 9 
debug 10 
debug 11 
debug i = 27
debug 1 
debug 2 
debug 3 
debug 4 
debug 5 
debug 6 
debug 7 
debug 8 
debug 9 
debug 10 
debug 11 
debug i = 28
debug 1 
debug 2 
debug 3 
debug 4 
debug 5 
debug 6 
debug 7 
debug 8 
debug 9 
debug 10 
debug 11 
debug i = 29
debug 1 
debug 2 
debug 3 
debug 4 
debug 5 
debug 6 
debug 7 
debug 8 
debug 9 
debug 10 
debug 11 
debug i = 30
debug 1 
debug 2 
debug 3 
debug 4 
debug 5 
debug 6 
debug 7 
debug 8 
debug 9 
debug 10 
debug 11 
debug i = 31
debug 1 
debug 2 
debug 3 
debug 4 
debug 5 
debug 6 
debug 7 
debug 8 
debug 9 
debug 10 
debug 11 
debug i = 32
debug 1 
debug 2 
debug 3 
debug 4 
debug 5 
debug 6 
debug 7 
debug 8 
debug 9 
debug 10 
debug 11 
debug i = 33
debug 1 
debug 2 
debug 3 
debug 4 
debug 5 
debug 6 
debug 7 
debug 8 
debug 9 
debug 10 
debug 11 
debug i = 34
debug 1 
debug 2 
debug 3 
debug 4 
debug 5 
debug 6 
debug 7 
debug 8 
debug 9 
debug 10 
debug 11 
debug i = 35
debug 1 
debug 2 
debug 3 
debug 4 
debug 5 
debug 6 
debug 7 
debug 8 
debug 9 
debug 10 
debug 11 
debug i = 36
debug 1 
debug 2 
debug 3 
debug 4 
debug 5 
debug 6 
debug 7 
debug 8 
debug 9 
debug 10 
debug 11 
debug i = 37
debug 1 
debug 2 
debug 3 
debug 4 
debug 5 
debug 6 
debug 7 
debug 8 
debug 9 
debug 10 
debug 11 
debug i = 38
debug 1 
debug 2 
debug 3 
debug 4 
debug 5 
debug 6 
debug 7 
debug 8 
debug 9 
debug 10 
debug 11 
debug i = 39
debug 1 
debug 2 
debug 3 
debug 4 
debug 5 
debug 6 
debug 7 
debug 8 
debug 9 
debug 10 
debug 11 
debug i = 40
debug 1 
debug 2 
debug 3 
debug 4 
debug 5 
debug 6 
debug 7 
debug 8 
debug 9 
debug 10 
debug 11 
debug i = 41
debug 1 
debug 2 
debug 3 
debug 4 
debug 5 
debug 6 
debug 7 
debug 8 
debug 9 
debug 10 
debug 11 
debug i = 42
debug 1 
debug 2 
debug 3 
debug 4 
debug 5 
debug 6 
debug 7 
debug 8 
debug 9 
debug 10 
debug 11 
debug i = 43
debug 1 
debug 2 
debug 3 
debug 4 
debug 5 
debug 6 
debug 7 
debug 8 
debug 9 
debug 10 
debug 11 
debug i = 44
debug 1 
debug 2 
debug 3 
debug 4 
debug 5 
debug 6 
debug 7 
debug 8 
debug 9 
debug 10 
debug 11 
debug i = 45
debug 1 
debug 2 
debug 3 
debug 4 
debug 5 
debug 6 
debug 7 
debug 8 
debug 9 
debug 10 
debug 11 
debug i = 46
debug 1 
debug 2 
debug 3 
debug 4 
debug 5 
debug 6 
debug 7 
debug 8 
debug 9 
debug 10 
debug 11 
debug i = 47
debug 1 
debug 2 
debug 3 
debug 4 
debug 5 
debug 6 
debug 7 
debug 8 
debug 9 
debug 10 
debug 11 
debug i = 48
debug 1 
debug 2 
debug 3 
debug 4 
debug 5 
debug 6 
debug 7 
debug 8 
debug 9 
debug 10 
debug 11 
debug i = 49
debug 1 
debug 2 
debug 3 
debug 4 
debug 5 
debug 6 
debug 7 
debug 8 
debug 9 
debug 10 
debug 11 
debug i = 50
debug 1 
debug 2 
debug 3 
debug 4 
debug 5 
debug 6 
debug 7 
debug 8 
debug 9 
debug 10 
debug 11 
debug i = 51
debug 1 
debug 2 
debug 3 
debug 4 
debug 5 
debug 6 
debug 7 
debug 8 
debug 9 
debug 10 
debug 11 
debug i = 52
debug 1 
debug 2 
debug 3 
debug 4 
debug 5 
debug 6 
debug 7 
debug 8 
debug 9 
debug 10 
debug 11 
debug i = 53
debug 1 
debug 2 
debug 3 
debug 4 
debug 5 
debug 6 
debug 7 
debug 8 
debug 9 
debug 10 
debug 11 
debug i = 54
debug 1 
debug 2 
debug 3 
debug 4 
debug 5 
debug 6 
debug 7 
debug 8 
debug 9 
debug 10 
debug 11 
debug i = 55
debug 1 
debug 2 
debug 3 
debug 4 
debug 5 
debug 6 
debug 7 
debug 8 
debug 9 
debug 10 
debug 11 
debug i = 56
debug 1 
debug 2 
debug 3 
debug 4 
debug 5 
debug 6 
debug 7 
debug 8 
debug 9 
debug 10 
debug 11 
debug i = 57
debug 1 
debug 2 
debug 3 
debug 4 
debug 5 
debug 6 
debug 7 
debug 8 
debug 9 
debug 10 
debug 11 
debug i = 58
debug 1 
debug 2 
debug 3 
debug 4 
debug 5 
debug 6 
debug 7 
debug 8 
debug 9 
debug 10 
debug 11 
debug i = 59
debug 1 
debug 2 
debug 3 
debug 4 
debug 5 
debug 6 
debug 7 
debug 8 
debug 9 
debug 10 
debug 11 
debug i = 60
debug 1 
debug 2 
debug 3 
debug 4 
debug 5 
debug 6 
debug 7 
debug 8 
debug 9 
debug 10 
debug 11 
debug i = 61
debug 1 
debug 2 
debug 3 
debug 4 
debug 5 
debug 6 
debug 7 
debug 8 
debug 9 
debug 10 
debug 11 
debug i = 62
debug 1 
debug 2 
debug 3 
debug 4 
debug 5 
debug 6 
debug 7 
debug 8 
debug 9 
debug 10 
debug 11 
debug i = 63
debug 1 
debug 2 
debug 3 
debug 4 
debug 5 
debug 6 
debug 7 
debug 8 
debug 9 
debug 10 
debug 11 
debug i = 64
debug 1 
debug 2 
debug 3 
debug 4 
debug 5 
debug 6 
debug 7 
debug 8 
debug 9 
debug 10 
debug 11 
debug i = 65
debug 1 
debug 2 
debug 3 
debug 4 
debug 5 
debug 6 
debug 7 
debug 8 
debug 9 
debug 10 
debug 11 
debug i = 66
debug 1 
debug 2 
debug 3 
debug 4 
debug 5 
debug 6 
debug 7 
debug 8 
debug 9 
debug 10 
debug 11 
debug i = 67
debug 1 
debug 2 
debug 3 
debug 4 
debug 5 
debug 6 
debug 7 
debug 8 
debug 9 
debug 10 
debug 11 
debug i = 68
debug 1 
debug 2 
debug 3 
debug 4 
debug 5 
debug 6 
debug 7 
debug 8 
debug 9 
debug 10 
debug 11 
debug i = 69
debug 1 
debug 2 
debug 3 
debug 4 
debug 5 
debug 6 
debug 7 
debug 8 
debug 9 
debug 10 
debug 11 
debug i = 70
debug 1 
debug 2 
debug 3 
debug 4 
debug 5 
debug 6 
debug 7 
debug 8 
debug 9 
debug 10 
debug 11 
debug i = 71
debug 1 
debug 2 
debug 3 
debug 4 
debug 5 
debug 6 
debug 7 
debug 8 
debug 9 
debug 10 
debug 11 
debug i = 72
debug 1 
debug 2 
debug 3 
debug 4 
debug 5 
debug 6 
debug 7 
debug 8 
debug 9 
debug 10 
debug 11 
debug i = 73
debug 1 
debug 2 
debug 3 
debug 4 
debug 5 
debug 6 
debug 7 
debug 8 
debug 9 
debug 10 
debug 11 
debug i = 74
debug 1 
debug 2 
debug 3 
debug 4 
debug 5 
debug 6 
debug 7 
debug 8 
debug 9 
debug 10 
debug 11 
debug i = 75
debug 1 
debug 2 
debug 3 
debug 4 
debug 5 
debug 6 
debug 7 
debug 8 
debug 9 
debug 10 
debug 11 
debug i = 76
debug 1 
debug 2 
debug 3 
debug 4 
debug 5 
debug 6 
debug 7 
debug 8 
debug 9 
debug 10 
debug 11 
debug i = 77
debug 1 
debug 2 
debug 3 
debug 4 
debug 5 
debug 6 
debug 7 
debug 8 
debug 9 
debug 10 
debug 11 
debug i = 78
debug 1 
debug 2 
debug 3 
debug 4 
debug 5 
debug 6 
debug 7 
debug 8 
debug 9 
debug 10 
debug 11 
debug i = 79
debug 1 
debug 2 
debug 3 
debug 4 
debug 5 
debug 6 
debug 7 
debug 8 
debug 9 
debug 10 
debug 11 
debug i = 80
debug 1 
debug 2 
debug 3 
debug 4 
debug 5 
debug 6 
debug 7 
debug 8 
debug 9 
debug 10 
debug 11 
debug i = 81
debug 1 
debug 2 
debug 3 
debug 4 
debug 5 
debug 6 
debug 7 
debug 8 
debug 9 
debug 10 
debug 11 
debug i = 82
debug 1 
debug 2 
debug 3 
debug 4 
debug 5 
debug 6 
debug 7 
debug 8 
debug 9 
debug 10 
debug 11 
debug i = 83
debug 1 
debug 2 
debug 3 
debug 4 
debug 5 
debug 6 
debug 7 
debug 8 
debug 9 
debug 10 
debug 11 
debug i = 84
debug 1 
debug 2 
debug 3 
debug 4 
debug 5 
debug 6 
debug 7 
debug 8 
debug 9 
debug 10 
debug 11 
debug i = 85
debug 1 
debug 2 
debug 3 
debug 4 
debug 5 
debug 6 
debug 7 
debug 8 
debug 9 
debug 10 
debug 11 
debug i = 86
debug 1 
debug 2 
debug 3 
debug 4 
debug 5 
debug 6 
debug 7 
debug 8 
debug 9 
debug 10 
debug 11 
debug i = 87
debug 1 
debug 2 
debug 3 
debug 4 
debug 5 
debug 6 
debug 7 
debug 8 
debug 9 
debug 10 
debug 11 
debug i = 88
debug 1 
debug 2 
debug 3 
debug 4 
debug 5 
debug 6 
debug 7 
debug 8 
debug 9 
debug 10 
debug 11 
debug i = 89
debug 1 
debug 2 
debug 3 
debug 4 
debug 5 
debug 6 
debug 7 
debug 8 
debug 9 
debug 10 
debug 11 
debug i = 90
debug 1 
debug 2 
debug 3 
debug 4 
debug 5 
debug 6 
debug 7 
debug 8 
debug 9 
debug 10 
debug 11 
debug i = 91
debug 1 
debug 2 
debug 3 
debug 4 
debug 5 
debug 6 
debug 7 
debug 8 
debug 9 
debug 10 
debug 11 
debug i = 92
debug 1 
debug 2 
debug 3 
debug 4 
debug 5 
debug 6 
debug 7 
debug 8 
debug 9 
debug 10 
debug 11 
debug i = 93
debug 1 
debug 2 
debug 3 
debug 4 
debug 5 
debug 6 
debug 7 
debug 8 
debug 9 
debug 10 
debug 11 
debug i = 94
debug 1 
debug 2 
debug 3 
debug 4 
debug 5 
debug 6 
debug 7 
debug 8 
debug 9 
debug 10 
debug 11 
debug i = 95
debug 1 
debug 2 
debug 3 
debug 4 
debug 5 
debug 6 
debug 7 
debug 8 
debug 9 
debug 10 
debug 11 
debug i = 96
debug 1 
debug 2 
debug 3 
debug 4 
debug 5 
debug 6 
debug 7 
debug 8 
debug 9 
debug 10 
debug 11 
debug i = 97
debug 1 
debug 2 
debug 3 
debug 4 
debug 5 
debug 6 
debug 7 
debug 8 
debug 9 
debug 10 
debug 11 
debug i = 98
debug 1 
debug 2 
debug 3 
debug 4 
debug 5 
debug 6 
debug 7 
debug 8 
debug 9 
debug 10 
debug 11 
debug i = 99
debug 1 
debug 2 
debug 3 
debug 4 
debug 5 
debug 6 
debug 7 
debug 8 
debug 9 
debug 10 
debug 11 
[Preprocessing phase] Receive TEE signal, GPU is now warming up ...
[Inference phase] GPU is serving ...
