Performing C SOURCE FILE Test CMAKE_HAVE_LIBC_PTHREAD failed with the following output:
Change Dir: /home/xian/atc22-artifact/SOTER/shieldmodel/models/src/densenet121/build/CMakeFiles/CMakeTmp

Run Build Command(s):/usr/bin/make -f Makefile cmTC_fa1d6/fast && /usr/bin/make  -f CMakeFiles/cmTC_fa1d6.dir/build.make CMakeFiles/cmTC_fa1d6.dir/build
make[1]: Entering directory '/home/xian/atc22-artifact/SOTER/shieldmodel/models/src/densenet121/build/CMakeFiles/CMakeTmp'
Building C object CMakeFiles/cmTC_fa1d6.dir/src.c.o
/usr/bin/cc -DCMAKE_HAVE_LIBC_PTHREAD   -o CMakeFiles/cmTC_fa1d6.dir/src.c.o -c /home/xian/atc22-artifact/SOTER/shieldmodel/models/src/densenet121/build/CMakeFiles/CMakeTmp/src.c
Linking C executable cmTC_fa1d6
/snap/cmake/1082/bin/cmake -E cmake_link_script CMakeFiles/cmTC_fa1d6.dir/link.txt --verbose=1
/usr/bin/cc -rdynamic CMakeFiles/cmTC_fa1d6.dir/src.c.o -o cmTC_fa1d6 
CMakeFiles/cmTC_fa1d6.dir/src.c.o: In function `main':
src.c:(.text+0x3c): undefined reference to `pthread_create'
src.c:(.text+0x48): undefined reference to `pthread_detach'
src.c:(.text+0x54): undefined reference to `pthread_cancel'
src.c:(.text+0x65): undefined reference to `pthread_join'
src.c:(.text+0x79): undefined reference to `pthread_atfork'
collect2: error: ld returned 1 exit status
CMakeFiles/cmTC_fa1d6.dir/build.make:98: recipe for target 'cmTC_fa1d6' failed
make[1]: *** [cmTC_fa1d6] Error 1
make[1]: Leaving directory '/home/xian/atc22-artifact/SOTER/shieldmodel/models/src/densenet121/build/CMakeFiles/CMakeTmp'
Makefile:127: recipe for target 'cmTC_fa1d6/fast' failed
make: *** [cmTC_fa1d6/fast] Error 2


Source file was:
#include <pthread.h>

static void* test_func(void* data)
{
  return data;
}

int main(void)
{
  pthread_t thread;
  pthread_create(&thread, NULL, test_func, NULL);
  pthread_detach(thread);
  pthread_cancel(thread);
  pthread_join(thread, NULL);
  pthread_atfork(NULL, NULL, NULL);
  pthread_exit(NULL);

  return 0;
}

Determining if the function pthread_create exists in the pthreads failed with the following output:
Change Dir: /home/xian/atc22-artifact/SOTER/shieldmodel/models/src/densenet121/build/CMakeFiles/CMakeTmp

Run Build Command(s):/usr/bin/make -f Makefile cmTC_6eb92/fast && /usr/bin/make  -f CMakeFiles/cmTC_6eb92.dir/build.make CMakeFiles/cmTC_6eb92.dir/build
make[1]: Entering directory '/home/xian/atc22-artifact/SOTER/shieldmodel/models/src/densenet121/build/CMakeFiles/CMakeTmp'
Building C object CMakeFiles/cmTC_6eb92.dir/CheckFunctionExists.c.o
/usr/bin/cc   -DCHECK_FUNCTION_EXISTS=pthread_create -o CMakeFiles/cmTC_6eb92.dir/CheckFunctionExists.c.o -c /snap/cmake/1082/share/cmake-3.23/Modules/CheckFunctionExists.c
Linking C executable cmTC_6eb92
/snap/cmake/1082/bin/cmake -E cmake_link_script CMakeFiles/cmTC_6eb92.dir/link.txt --verbose=1
/usr/bin/cc  -DCHECK_FUNCTION_EXISTS=pthread_create -rdynamic CMakeFiles/cmTC_6eb92.dir/CheckFunctionExists.c.o -o cmTC_6eb92  -lpthreads 
/usr/bin/ld: cannot find -lpthreads
collect2: error: ld returned 1 exit status
CMakeFiles/cmTC_6eb92.dir/build.make:98: recipe for target 'cmTC_6eb92' failed
make[1]: *** [cmTC_6eb92] Error 1
make[1]: Leaving directory '/home/xian/atc22-artifact/SOTER/shieldmodel/models/src/densenet121/build/CMakeFiles/CMakeTmp'
Makefile:127: recipe for target 'cmTC_6eb92/fast' failed
make: *** [cmTC_6eb92/fast] Error 2



