Performing C SOURCE FILE Test CMAKE_HAVE_LIBC_PTHREAD failed with the following output:
Change Dir: /home/xian/atc22-artifact/backup/soter-graphene/mlp/cpp/helloworld/cmake/build/CMakeFiles/CMakeTmp

Run Build Command(s):/usr/bin/make -f Makefile cmTC_86ccf/fast && /usr/bin/make  -f CMakeFiles/cmTC_86ccf.dir/build.make CMakeFiles/cmTC_86ccf.dir/build
make[1]: Entering directory '/home/xian/atc22-artifact/backup/soter-graphene/mlp/cpp/helloworld/cmake/build/CMakeFiles/CMakeTmp'
Building C object CMakeFiles/cmTC_86ccf.dir/src.c.o
/usr/bin/cc -DCMAKE_HAVE_LIBC_PTHREAD   -o CMakeFiles/cmTC_86ccf.dir/src.c.o -c /home/xian/atc22-artifact/backup/soter-graphene/mlp/cpp/helloworld/cmake/build/CMakeFiles/CMakeTmp/src.c
Linking C executable cmTC_86ccf
/snap/cmake/1082/bin/cmake -E cmake_link_script CMakeFiles/cmTC_86ccf.dir/link.txt --verbose=1
/usr/bin/cc CMakeFiles/cmTC_86ccf.dir/src.c.o -o cmTC_86ccf 
CMakeFiles/cmTC_86ccf.dir/src.c.o: In function `main':
src.c:(.text+0x3c): undefined reference to `pthread_create'
src.c:(.text+0x48): undefined reference to `pthread_detach'
src.c:(.text+0x54): undefined reference to `pthread_cancel'
src.c:(.text+0x65): undefined reference to `pthread_join'
src.c:(.text+0x79): undefined reference to `pthread_atfork'
collect2: error: ld returned 1 exit status
CMakeFiles/cmTC_86ccf.dir/build.make:98: recipe for target 'cmTC_86ccf' failed
make[1]: *** [cmTC_86ccf] Error 1
make[1]: Leaving directory '/home/xian/atc22-artifact/backup/soter-graphene/mlp/cpp/helloworld/cmake/build/CMakeFiles/CMakeTmp'
Makefile:127: recipe for target 'cmTC_86ccf/fast' failed
make: *** [cmTC_86ccf/fast] Error 2


Source file was:
#include <pthread.h>

static void* test_func(void* data)
{
  return data;
}

int main(void)
{
  pthread_t thread;
  pthread_create(&thread, NULL, test_func, NULL);
  pthread_detach(thread);
  pthread_cancel(thread);
  pthread_join(thread, NULL);
  pthread_atfork(NULL, NULL, NULL);
  pthread_exit(NULL);

  return 0;
}

Determining if the function pthread_create exists in the pthreads failed with the following output:
Change Dir: /home/xian/atc22-artifact/backup/soter-graphene/mlp/cpp/helloworld/cmake/build/CMakeFiles/CMakeTmp

Run Build Command(s):/usr/bin/make -f Makefile cmTC_02dbd/fast && /usr/bin/make  -f CMakeFiles/cmTC_02dbd.dir/build.make CMakeFiles/cmTC_02dbd.dir/build
make[1]: Entering directory '/home/xian/atc22-artifact/backup/soter-graphene/mlp/cpp/helloworld/cmake/build/CMakeFiles/CMakeTmp'
Building C object CMakeFiles/cmTC_02dbd.dir/CheckFunctionExists.c.o
/usr/bin/cc   -DCHECK_FUNCTION_EXISTS=pthread_create -o CMakeFiles/cmTC_02dbd.dir/CheckFunctionExists.c.o -c /snap/cmake/1082/share/cmake-3.23/Modules/CheckFunctionExists.c
Linking C executable cmTC_02dbd
/snap/cmake/1082/bin/cmake -E cmake_link_script CMakeFiles/cmTC_02dbd.dir/link.txt --verbose=1
/usr/bin/cc  -DCHECK_FUNCTION_EXISTS=pthread_create CMakeFiles/cmTC_02dbd.dir/CheckFunctionExists.c.o -o cmTC_02dbd  -lpthreads 
/usr/bin/ld: cannot find -lpthreads
collect2: error: ld returned 1 exit status
CMakeFiles/cmTC_02dbd.dir/build.make:98: recipe for target 'cmTC_02dbd' failed
make[1]: *** [cmTC_02dbd] Error 1
make[1]: Leaving directory '/home/xian/atc22-artifact/backup/soter-graphene/mlp/cpp/helloworld/cmake/build/CMakeFiles/CMakeTmp'
Makefile:127: recipe for target 'cmTC_02dbd/fast' failed
make: *** [cmTC_02dbd/fast] Error 2



